<?xml version="1.0" encoding="UTF-8"?>
<!-- Generated by org.testng.reporters.JUnitReportReporter -->
<testsuite hostname="Ankitas-MacBook-Air.local" failures="0" tests="5" name="com.automation.tests.LoginTests" time="31.606" errors="0" timestamp="2024-10-21T23:38:09 GMT-07:00" skipped="0">
  <testcase classname="com.automation.tests.LoginTests" name="loginError" time="4.596"/>
  <testcase classname="com.automation.tests.LoginTests" name="forgotPassword" time="5.664"/>
  <testcase classname="com.automation.tests.LoginTests" name="incorrectLogin" time="8.012"/>
  <testcase classname="com.automation.tests.LoginTests" name="validLogin" time="5.073"/>
  <testcase classname="com.automation.tests.LoginTests" name="checkRememberMe" time="8.261"/>
</testsuite> <!-- com.automation.tests.LoginTests -->
