<?xml version="1.0" encoding="UTF-8"?>
<!-- Generated by org.testng.reporters.JUnitReportReporter -->
<testsuite hostname="Ankitas-MacBook-Air.local" failures="0" tests="5" name="com.automation.tests.OpportunitiesTests" time="60.012" errors="0" timestamp="2024-10-21T00:21:50 GMT-07:00" skipped="0">
  <testcase classname="com.automation.tests.OpportunitiesTests" name="testQuarterlySummaryReport" time="11.271"/>
  <testcase classname="com.automation.tests.OpportunitiesTests" name="testOpportunityPiplineReport" time="13.524"/>
  <testcase classname="com.automation.tests.OpportunitiesTests" name="testStuckOpportunityReport" time="11.764"/>
  <testcase classname="com.automation.tests.OpportunitiesTests" name="createNewOpportunity" time="13.109"/>
  <testcase classname="com.automation.tests.OpportunitiesTests" name="opportunitiesDropDown" time="10.344"/>
</testsuite> <!-- com.automation.tests.OpportunitiesTests -->
