<?xml version="1.0" encoding="UTF-8"?>
<!-- Generated by org.testng.reporters.JUnitReportReporter -->
<testsuite hostname="Ankitas-MacBook-Air.local" failures="0" tests="1" name="com.automation.tests.LeadsTests" time="17.786" errors="0" timestamp="2024-10-21T00:41:33 GMT-07:00" skipped="0">
  <testcase classname="com.automation.tests.LeadsTests" name="clickOnNew" time="17.786"/>
</testsuite> <!-- com.automation.tests.LeadsTests -->
