<?xml version="1.0" encoding="UTF-8"?>
<!-- Generated by org.testng.reporters.JUnitReportReporter -->
<testsuite hostname="Ankitas-MacBook-Air.local" failures="0" tests="8" name="com.automation.tests.ContactsTests" time="103.176" errors="0" timestamp="2024-10-20T23:14:36 GMT-07:00" skipped="0">
  <testcase classname="com.automation.tests.ContactsTests" name="checkMyContactView" time="11.340"/>
  <testcase classname="com.automation.tests.ContactsTests" name="createNewView" time="12.355"/>
  <testcase classname="com.automation.tests.ContactsTests" name="createNewViewCancel" time="11.263"/>
  <testcase classname="com.automation.tests.ContactsTests" name="checkRecentlyCreatedContact" time="9.010"/>
  <testcase classname="com.automation.tests.ContactsTests" name="createNewViewErrorMessage" time="16.363"/>
  <testcase classname="com.automation.tests.ContactsTests" name="createNewContact" time="13.763"/>
  <testcase classname="com.automation.tests.ContactsTests" name="checkSaveAndNewButton" time="13.886"/>
  <testcase classname="com.automation.tests.ContactsTests" name="viewContact" time="15.196"/>
</testsuite> <!-- com.automation.tests.ContactsTests -->
