<?xml version="1.0" encoding="UTF-8"?>
<!-- Generated by org.testng.reporters.JUnitReportReporter -->
<testsuite hostname="Ankitas-MacBook-Air.local" failures="0" tests="1" name="com.automation.tests.UserMenuDropdown" time="12.476" errors="0" timestamp="2024-10-22T03:38:52 GMT-07:00" skipped="0">
  <testcase classname="com.automation.tests.UserMenuDropdown" name="mySettings" time="12.476"/>
</testsuite> <!-- com.automation.tests.UserMenuDropdown -->
